<?xml version="1.0" encoding="utf-8"?><testsuite errors="0" failures="0" name="sphinx-gallery" skipped="0" tests="16" time="1122.8216240406036"><testcase classname="plot_PhaseDiagram_pH" file="gallery/H2O/pH/plot_PhaseDiagram_pH.py" line="1" name="0. Phase diagram" time="26.02298927307129"></testcase><testcase classname="plot_PhaseDiagram_pT" file="gallery/H2O/pT/plot_PhaseDiagram_pT.py" line="1" name="0. Phase diagram" time="23.737876892089844"></testcase><testcase classname="plot_Density_pT" file="gallery/H2O/pT/plot_Density_pT.py" line="1" name="1. Density" time="49.06019425392151"></testcase><testcase classname="plot_Enthalpy_pT" file="gallery/H2O/pT/plot_Enthalpy_pT.py" line="1" name="2. Specific enthalpy" time="46.52693700790405"></testcase><testcase classname="plot_Viscosity_pT" file="gallery/H2O/pT/plot_Viscosity_pT.py" line="1" name="3. Viscosity" time="32.126424074172974"></testcase><testcase classname="plot_PhaseDiagram_HPX" file="gallery/H2ONaCl/HPX/plot_PhaseDiagram_HPX.py" line="1" name="0. Phase diagram" time="38.45735287666321"></testcase><testcase classname="plot_Properties_HPX" file="gallery/H2ONaCl/HPX/plot_Properties_HPX.py" line="1" name="1. Properties" time="460.64997482299805"></testcase><testcase classname="plot_PhaseDiagram_PTX" file="gallery/H2ONaCl/pT/plot_PhaseDiagram_PTX.py" line="1" name="0. Phase diagram" time="48.437320709228516"></testcase><testcase classname="plot_critical" file="gallery/H2ONaCl/pT/plot_critical.py" line="1" name="1. Critical curve" time="34.787673234939575"></testcase><testcase classname="plot_haliteLiquidus" file="gallery/H2ONaCl/pT/plot_haliteLiquidus.py" line="1" name="2. Halite liquidus" time="11.454029083251953"></testcase><testcase classname="plot_VLH" file="gallery/H2ONaCl/pT/plot_VLH.py" line="1" name="3. Vapor + Liquid + Halite coexistence surface" time="49.90197467803955"></testcase><testcase classname="plot_VL" file="gallery/H2ONaCl/pT/plot_VL.py" line="1" name="4. Vapor + Liquid coexistence surface" time="200.41580986976624"></testcase><testcase classname="plot_VH" file="gallery/H2ONaCl/pT/plot_VH.py" line="1" name="5. Vapor + Halite coexistence surface" time="27.266957998275757"></testcase><testcase classname="plot_Properties_PTX" file="gallery/H2ONaCl/pT/plot_Properties_PTX.py" line="1" name="6. Phase diagram" time="64.17931580543518"></testcase><testcase classname="plot_PhaseDiagram_NaCl" file="gallery/NaCl/pT/plot_PhaseDiagram_NaCl.py" line="1" name="1. Phase diagram" time="3.6339707374572754"></testcase><testcase classname="plot_Props_NaCl" file="gallery/NaCl/pT/plot_Props_NaCl.py" line="1" name="2. Density and specific enthalpy" time="6.162822723388672"></testcase></testsuite>