<?xml version="1.0" encoding="utf-8"?><testsuite errors="0" failures="0" name="sphinx-gallery" skipped="0" tests="16" time="1623.7695045471191"><testcase classname="plot_PhaseDiagram_pH" file="gallery/H2O/pH/plot_PhaseDiagram_pH.py" line="1" name="0. Phase diagram" time="29.951610803604126"></testcase><testcase classname="plot_PhaseDiagram_pT" file="gallery/H2O/pT/plot_PhaseDiagram_pT.py" line="1" name="0. Phase diagram" time="34.51806378364563"></testcase><testcase classname="plot_Density_pT" file="gallery/H2O/pT/plot_Density_pT.py" line="1" name="1. Density" time="67.97923946380615"></testcase><testcase classname="plot_Enthalpy_pT" file="gallery/H2O/pT/plot_Enthalpy_pT.py" line="1" name="2. Specific enthalpy" time="67.92734694480896"></testcase><testcase classname="plot_Viscosity_pT" file="gallery/H2O/pT/plot_Viscosity_pT.py" line="1" name="3. Viscosity" time="44.94851875305176"></testcase><testcase classname="plot_PhaseDiagram_HPX" file="gallery/H2ONaCl/HPX/plot_PhaseDiagram_HPX.py" line="1" name="0. Phase diagram" time="48.3533616065979"></testcase><testcase classname="plot_Properties_HPX" file="gallery/H2ONaCl/HPX/plot_Properties_HPX.py" line="1" name="1. Properties" time="650.711656332016"></testcase><testcase classname="plot_PhaseDiagram_PTX" file="gallery/H2ONaCl/pT/plot_PhaseDiagram_PTX.py" line="1" name="0. Phase diagram" time="72.7822494506836"></testcase><testcase classname="plot_critical" file="gallery/H2ONaCl/pT/plot_critical.py" line="1" name="1. Critical curve" time="50.37452721595764"></testcase><testcase classname="plot_haliteLiquidus" file="gallery/H2ONaCl/pT/plot_haliteLiquidus.py" line="1" name="2. Halite liquidus" time="17.214043855667114"></testcase><testcase classname="plot_VLH" file="gallery/H2ONaCl/pT/plot_VLH.py" line="1" name="3. Vapor + Liquid + Halite coexistence surface" time="72.26519441604614"></testcase><testcase classname="plot_VL" file="gallery/H2ONaCl/pT/plot_VL.py" line="1" name="4. Vapor + Liquid coexistence surface" time="314.9190504550934"></testcase><testcase classname="plot_VH" file="gallery/H2ONaCl/pT/plot_VH.py" line="1" name="5. Vapor + Halite coexistence surface" time="44.3606641292572"></testcase><testcase classname="plot_Properties_PTX" file="gallery/H2ONaCl/pT/plot_Properties_PTX.py" line="1" name="6. Phase diagram" time="94.00300884246826"></testcase><testcase classname="plot_PhaseDiagram_NaCl" file="gallery/NaCl/pT/plot_PhaseDiagram_NaCl.py" line="1" name="1. Phase diagram" time="4.859084844589233"></testcase><testcase classname="plot_Props_NaCl" file="gallery/NaCl/pT/plot_Props_NaCl.py" line="1" name="2. Density and specific enthalpy" time="8.60188364982605"></testcase></testsuite>