<?xml version="1.0" encoding="utf-8"?><testsuite errors="0" failures="0" name="sphinx-gallery" skipped="0" tests="16" time="1401.8615334033966"><testcase classname="plot_PhaseDiagram_pH" file="gallery/H2O/pH/plot_PhaseDiagram_pH.py" line="1" name="0. Phase diagram" time="31.378694534301758"></testcase><testcase classname="plot_PhaseDiagram_pT" file="gallery/H2O/pT/plot_PhaseDiagram_pT.py" line="1" name="0. Phase diagram" time="29.89015817642212"></testcase><testcase classname="plot_Density_pT" file="gallery/H2O/pT/plot_Density_pT.py" line="1" name="1. Density" time="60.44168519973755"></testcase><testcase classname="plot_Enthalpy_pT" file="gallery/H2O/pT/plot_Enthalpy_pT.py" line="1" name="2. Specific enthalpy" time="60.43064570426941"></testcase><testcase classname="plot_Viscosity_pT" file="gallery/H2O/pT/plot_Viscosity_pT.py" line="1" name="3. Viscosity" time="37.64015293121338"></testcase><testcase classname="plot_PhaseDiagram_HPX" file="gallery/H2ONaCl/HPX/plot_PhaseDiagram_HPX.py" line="1" name="0. Phase diagram" time="45.93838667869568"></testcase><testcase classname="plot_Properties_HPX" file="gallery/H2ONaCl/HPX/plot_Properties_HPX.py" line="1" name="1. Properties" time="607.9168846607208"></testcase><testcase classname="plot_PhaseDiagram_PTX" file="gallery/H2ONaCl/pT/plot_PhaseDiagram_PTX.py" line="1" name="0. Phase diagram" time="54.55342078208923"></testcase><testcase classname="plot_critical" file="gallery/H2ONaCl/pT/plot_critical.py" line="1" name="1. Critical curve" time="39.96757125854492"></testcase><testcase classname="plot_haliteLiquidus" file="gallery/H2ONaCl/pT/plot_haliteLiquidus.py" line="1" name="2. Halite liquidus" time="12.638896942138672"></testcase><testcase classname="plot_VLH" file="gallery/H2ONaCl/pT/plot_VLH.py" line="1" name="3. Vapor + Liquid + Halite coexistence surface" time="55.91533708572388"></testcase><testcase classname="plot_VL" file="gallery/H2ONaCl/pT/plot_VL.py" line="1" name="4. Vapor + Liquid coexistence surface" time="239.12003135681152"></testcase><testcase classname="plot_VH" file="gallery/H2ONaCl/pT/plot_VH.py" line="1" name="5. Vapor + Halite coexistence surface" time="31.665297508239746"></testcase><testcase classname="plot_Properties_PTX" file="gallery/H2ONaCl/pT/plot_Properties_PTX.py" line="1" name="6. Phase diagram" time="83.56620001792908"></testcase><testcase classname="plot_PhaseDiagram_NaCl" file="gallery/NaCl/pT/plot_PhaseDiagram_NaCl.py" line="1" name="1. Phase diagram" time="4.035988807678223"></testcase><testcase classname="plot_Props_NaCl" file="gallery/NaCl/pT/plot_Props_NaCl.py" line="1" name="2. Density and specific enthalpy" time="6.762181758880615"></testcase></testsuite>